<?xml version="1.0" encoding="UTF-8"?>
<testng-results ignored="0" total="1" passed="1" failed="0" skipped="0">
  <reporter-output>
  </reporter-output>
  <suite started-at="2024-01-24T08:15:53 PST" name="Default suite" finished-at="2024-01-24T08:15:56 PST" duration-ms="3439">
    <groups>
    </groups>
    <test started-at="2024-01-24T08:15:53 PST" name="Default test" finished-at="2024-01-24T08:15:56 PST" duration-ms="3439">
      <class name="com.scenario1.HomePage">
        <test-method signature="HomePageTest()[pri:0, instance:com.scenario1.HomePage@1151e434]" started-at="2024-01-24T08:15:53 PST" name="HomePageTest" finished-at="2024-01-24T08:15:56 PST" duration-ms="3391" status="PASS">
          <reporter-output>
          </reporter-output>
        </test-method> <!-- HomePageTest -->
      </class> <!-- com.scenario1.HomePage -->
    </test> <!-- Default test -->
  </suite> <!-- Default suite -->
</testng-results>
